<?xml version="1.0" encoding="UTF-8"?>
<!-- Generated by org.testng.reporters.JUnitReportReporter -->
<testsuite hostname="DESKTOP-D9EGN3G" failures="0" tests="1" name="testscript.SubCategoryTest" time="14.858" errors="0" timestamp="2024-06-14T10:53:17 IST" skipped="0">
  <testcase classname="testscript.SubCategoryTest" name="verifyTheUserAbleToLoginValidCredentials" time="14.858"/>
</testsuite> <!-- testscript.SubCategoryTest -->
