<?xml version="1.0" encoding="UTF-8"?>
<!-- Generated by org.testng.reporters.JUnitReportReporter -->
<testsuite hostname="DESKTOP-D9EGN3G" failures="0" tests="1" name="testscript.SubCategorySearchTest" time="11.047" errors="0" timestamp="2024-06-14T20:41:31 IST" skipped="0">
  <testcase classname="testscript.SubCategorySearchTest" name="subCategoryPage" time="11.047"/>
</testsuite> <!-- testscript.SubCategorySearchTest -->
