<?xml version="1.0" encoding="UTF-8"?>
<!-- Generated by org.testng.reporters.JUnitReportReporter -->
<testsuite hostname="DESKTOP-D9EGN3G" failures="0" tests="1" name="testscript.AdminUsersAddTest" time="14.012" errors="0" timestamp="2024-06-08T17:28:48 IST" skipped="0">
  <testcase classname="testscript.AdminUsersAddTest" name="adminSearchPage" time="14.012"/>
</testsuite> <!-- testscript.AdminUsersAddTest -->
