<?xml version="1.0" encoding="UTF-8"?>
<!-- Generated by org.testng.reporters.JUnitReportReporter -->
<testsuite hostname="DESKTOP-D9EGN3G" failures="0" tests="1" name="testscript.AdminUsersTest" time="8.581" errors="0" timestamp="2024-06-13T22:43:59 IST" skipped="0">
  <testcase classname="testscript.AdminUsersTest" name="verifyTheUserAbleToLoginValidCredentials" time="8.581"/>
</testsuite> <!-- testscript.AdminUsersTest -->
