<?xml version="1.0" encoding="UTF-8"?>
<!-- Generated by org.testng.reporters.JUnitReportReporter -->
<testsuite hostname="DESKTOP-D9EGN3G" failures="0" tests="1" name="testscript.SubCategoryAddTest" time="14.950" errors="0" timestamp="2024-06-14T20:20:03 IST" skipped="0">
  <testcase classname="testscript.SubCategoryAddTest" name="verifyTheUserAbleToLoginValidCredentials" time="14.950"/>
</testsuite> <!-- testscript.SubCategoryAddTest -->
