<?xml version="1.0" encoding="UTF-8"?>
<!-- Generated by org.testng.reporters.JUnitReportReporter -->
<testsuite hostname="DESKTOP-D9EGN3G" failures="0" tests="1" name="testscript.ManageCategoryTest" time="11.986" errors="0" timestamp="2024-06-11T12:24:27 IST" skipped="0">
  <testcase classname="testscript.ManageCategoryTest" name="verifyTheUserAbleToLoginValidCredentials" time="11.986"/>
</testsuite> <!-- testscript.ManageCategoryTest -->
