<?xml version="1.0" encoding="UTF-8"?>
<!-- Generated by org.testng.reporters.JUnitReportReporter -->
<testsuite hostname="DESKTOP-D9EGN3G" failures="0" tests="1" name="testscript.LoginTest" time="21.498" errors="0" timestamp="2024-06-18T15:04:42 IST" skipped="0">
  <testcase classname="testscript.LoginTest" name="verifyTheUserAbleToLoginValidCredentials" time="21.498"/>
</testsuite> <!-- testscript.LoginTest -->
