<?xml version="1.0" encoding="UTF-8"?>
<!-- Generated by org.testng.reporters.JUnitReportReporter -->
<testsuite hostname="DESKTOP-D9EGN3G" failures="0" tests="1" name="testscript.CategoryTest" time="12.470" errors="0" timestamp="2024-06-13T22:44:52 IST" skipped="0">
  <testcase classname="testscript.CategoryTest" name="verifyTheUserAbleToLoginValidCredentials" time="12.470"/>
</testsuite> <!-- testscript.CategoryTest -->
