<?xml version="1.0" encoding="UTF-8"?>
<!-- Generated by org.testng.reporters.JUnitReportReporter -->
<testsuite hostname="DESKTOP-D9EGN3G" failures="0" tests="1" name="testscript.ManageUsersTest" time="30.793" errors="0" timestamp="2024-06-08T16:27:13 IST" skipped="0">
  <testcase classname="testscript.ManageUsersTest" name="verifyTheUserAbleToLoginValidCredentials" time="30.793"/>
</testsuite> <!-- testscript.ManageUsersTest -->
